{"timestamp":"2026-01-24T12:34:33.743Z","operation":"git:exec","target":"rev-parse --is-inside-work-tree","success":true,"detail":"{\"exitCode\":0}"}
{"timestamp":"2026-01-24T12:34:33.790Z","operation":"file:read","target":"H:\\10职业\\无限恐怖/package.json","success":true,"detail":"{\"size\":457,\"bypass\":true}"}
{"timestamp":"2026-01-24T12:34:33.861Z","operation":"git:exec","target":"branch --show-current","success":true,"detail":"{\"exitCode\":0}"}
{"timestamp":"2026-01-24T12:34:33.932Z","operation":"git:exec","target":"rev-list --left-right --count @{upstream}...HEAD","success":true,"detail":"{\"exitCode\":0}"}
{"timestamp":"2026-01-24T12:34:34.033Z","operation":"git:exec","target":"status --porcelain=v1","success":true,"detail":"{\"exitCode\":0}"}
{"timestamp":"2026-01-24T12:34:38.063Z","operation":"file:write","target":"H:\\10职业\\无限恐怖\\.adnify\\sessions.json","success":true,"detail":"{\"size\":691,\"bypass\":true}"}
{"timestamp":"2026-01-24T12:34:38.063Z","operation":"file:write","target":"H:\\10职业\\无限恐怖\\.adnify\\workspace-state.json","success":true,"detail":"{\"size\":267,\"bypass\":true}"}
{"timestamp":"2026-01-24T12:35:03.534Z","operation":"git:exec","target":"branch --show-current","success":false,"detail":"{\"reason\":\"Git子命令\\\"branch\\\"不在白名单中\"}"}
{"timestamp":"2026-01-24T12:35:03.540Z","operation":"git:exec","target":"rev-list --left-right --count @{upstream}...HEAD","success":false,"detail":"{\"reason\":\"Git子命令\\\"rev-list\\\"不在白名单中\"}"}
{"timestamp":"2026-01-24T12:35:03.543Z","operation":"git:exec","target":"status --porcelain=v1","success":false,"detail":"{\"reason\":\"Git子命令\\\"status\\\"不在白名单中\"}"}
{"timestamp":"2026-01-24T12:35:03.546Z","operation":"git:exec","target":"branch -a -v","success":false,"detail":"{\"reason\":\"Git子命令\\\"branch\\\"不在白名单中\"}"}
{"timestamp":"2026-01-24T12:35:03.546Z","operation":"git:exec","target":"stash list --format=%gd|%gs|%ci","success":false,"detail":"{\"reason\":\"Git子命令\\\"stash\\\"不在白名单中\"}"}
{"timestamp":"2026-01-24T12:35:03.547Z","operation":"git:exec","target":"log -30 --pretty=format:%H|%h|%s|%an|%ae|%aI|%P","success":false,"detail":"{\"reason\":\"Git子命令\\\"log\\\"不在白名单中\"}"}
{"timestamp":"2026-01-24T12:35:03.548Z","operation":"git:exec","target":"rev-parse --git-path MERGE_HEAD","success":false,"detail":"{\"reason\":\"Git子命令\\\"rev-parse\\\"不在白名单中\"}"}
{"timestamp":"2026-01-24T12:35:03.549Z","operation":"git:exec","target":"rev-parse --verify --quiet HEAD","success":false,"detail":"{\"reason\":\"Git子命令\\\"rev-parse\\\"不在白名单中\"}"}
{"timestamp":"2026-01-24T12:35:03.550Z","operation":"git:exec","target":"status","success":false,"detail":"{\"reason\":\"Git子命令\\\"status\\\"不在白名单中\"}"}
{"timestamp":"2026-01-24T12:35:03.550Z","operation":"git:exec","target":"rev-parse --git-path rebase-merge","success":false,"detail":"{\"reason\":\"Git子命令\\\"rev-parse\\\"不在白名单中\"}"}
{"timestamp":"2026-01-24T12:35:03.551Z","operation":"git:exec","target":"rev-parse --verify --quiet HEAD","success":false,"detail":"{\"reason\":\"Git子命令\\\"rev-parse\\\"不在白名单中\"}"}
{"timestamp":"2026-01-24T12:35:03.551Z","operation":"git:exec","target":"status","success":false,"detail":"{\"reason\":\"Git子命令\\\"status\\\"不在白名单中\"}"}
{"timestamp":"2026-01-24T12:35:03.552Z","operation":"git:exec","target":"rev-parse --git-path rebase-apply","success":false,"detail":"{\"reason\":\"Git子命令\\\"rev-parse\\\"不在白名单中\"}"}
{"timestamp":"2026-01-24T12:35:03.552Z","operation":"git:exec","target":"rev-parse --verify --quiet HEAD","success":false,"detail":"{\"reason\":\"Git子命令\\\"rev-parse\\\"不在白名单中\"}"}
{"timestamp":"2026-01-24T12:35:03.553Z","operation":"git:exec","target":"status","success":false,"detail":"{\"reason\":\"Git子命令\\\"status\\\"不在白名单中\"}"}
{"timestamp":"2026-01-24T12:35:03.553Z","operation":"git:exec","target":"rev-parse --git-path CHERRY_PICK_HEAD","success":false,"detail":"{\"reason\":\"Git子命令\\\"rev-parse\\\"不在白名单中\"}"}
{"timestamp":"2026-01-24T12:35:03.554Z","operation":"git:exec","target":"rev-parse --verify --quiet HEAD","success":false,"detail":"{\"reason\":\"Git子命令\\\"rev-parse\\\"不在白名单中\"}"}
{"timestamp":"2026-01-24T12:35:03.555Z","operation":"git:exec","target":"status","success":false,"detail":"{\"reason\":\"Git子命令\\\"status\\\"不在白名单中\"}"}
{"timestamp":"2026-01-24T12:35:03.557Z","operation":"git:exec","target":"rev-parse --git-path REVERT_HEAD","success":false,"detail":"{\"reason\":\"Git子命令\\\"rev-parse\\\"不在白名单中\"}"}
{"timestamp":"2026-01-24T12:35:03.558Z","operation":"git:exec","target":"rev-parse --verify --quiet HEAD","success":false,"detail":"{\"reason\":\"Git子命令\\\"rev-parse\\\"不在白名单中\"}"}
{"timestamp":"2026-01-24T12:35:03.558Z","operation":"git:exec","target":"status","success":false,"detail":"{\"reason\":\"Git子命令\\\"status\\\"不在白名单中\"}"}
{"timestamp":"2026-01-24T12:35:07.957Z","operation":"git:exec","target":"rev-parse --is-inside-work-tree","success":false,"detail":"{\"reason\":\"Git子命令\\\"rev-parse\\\"不在白名单中\"}"}
{"timestamp":"2026-01-24T12:35:07.962Z","operation":"git:exec","target":"branch --show-current","success":false,"detail":"{\"reason\":\"Git子命令\\\"branch\\\"不在白名单中\"}"}
{"timestamp":"2026-01-24T12:35:07.969Z","operation":"git:exec","target":"rev-list --left-right --count @{upstream}...HEAD","success":false,"detail":"{\"reason\":\"Git子命令\\\"rev-list\\\"不在白名单中\"}"}
{"timestamp":"2026-01-24T12:35:07.981Z","operation":"git:exec","target":"status --porcelain=v1","success":false,"detail":"{\"reason\":\"Git子命令\\\"status\\\"不在白名单中\"}"}
{"timestamp":"2026-01-24T12:35:10.344Z","operation":"file:read","target":"H:\\10职业\\无限恐怖\\_核心部分\\测试功能.ts","success":true,"detail":"{\"size\":11821,\"bypass\":true}"}
{"timestamp":"2026-01-24T12:36:35.639Z","operation":"terminal:interactive","target":"terminal:create","success":true,"detail":"{\"id\":\"e2c490f4-734b-4f1e-9b95-10215845fa92\",\"cwd\":\"H:\\\\10职业\\\\无限恐怖\",\"shell\":\"powershell.exe\"}"}
{"timestamp":"2026-01-24T12:37:05.602Z","operation":"file:write","target":"H:\\10职业\\无限恐怖\\.adnify\\sessions.json","success":true,"detail":"{\"size\":1150,\"bypass\":true}"}
{"timestamp":"2026-01-24T12:37:05.603Z","operation":"file:write","target":"H:\\10职业\\无限恐怖\\.adnify\\workspace-state.json","success":true,"detail":"{\"size\":391,\"bypass\":true}"}
{"timestamp":"2026-01-24T12:38:48.037Z","operation":"file:read","target":"H:\\10职业\\无限恐怖\\_核心部分\\充值属性.ts","success":true,"detail":"{\"size\":33862,\"bypass\":true}"}
{"timestamp":"2026-01-24T12:38:48.913Z","operation":"file:read","target":"H:\\10职业\\无限恐怖\\_核心部分\\测试功能.ts","success":true,"detail":"{\"size\":11821,\"bypass\":true}"}
{"timestamp":"2026-01-24T12:39:03.099Z","operation":"file:read","target":"H:\\10职业\\无限恐怖\\_大数值\\核心计算方法.ts","success":true,"detail":"{\"size\":53714,\"bypass\":true}"}
